This is pdfTeX, Version 3.14159265-2.6-1.40.20 (TeX Live 2019/Debian) (preloaded format=pdflatex 2023.6.5)  18 JUL 2023 17:49
entering extended mode
 restricted \write18 enabled.
 %&-line parsing enabled.
**AtxikiPlaza2023.tex
(./AtxikiPlaza2023.tex
LaTeX2e <2020-02-02> patch level 2
L3 programming layer <2020-02-14>
(/usr/share/texlive/texmf-dist/tex/latex/beamer/beamer.cls
Document Class: beamer 2019/09/29 v3.57 A class for typesetting presentations
(/usr/share/texlive/texmf-dist/tex/latex/beamer/beamerbasemodes.sty
(/usr/share/texlive/texmf-dist/tex/latex/etoolbox/etoolbox.sty
Package: etoolbox 2019/09/21 v2.5h e-TeX tools for LaTeX (JAW)
\etb@tempcnta=\count167
)
\beamer@tempbox=\box45
\beamer@tempcount=\count168
\c@beamerpauses=\count169

(/usr/share/texlive/texmf-dist/tex/latex/beamer/beamerbasedecode.sty
\beamer@slideinframe=\count170
\beamer@minimum=\count171
\beamer@decode@box=\box46
)
\beamer@commentbox=\box47
\beamer@modecount=\count172
)
(/usr/share/texlive/texmf-dist/tex/generic/iftex/ifpdf.sty
Package: ifpdf 2019/10/25 v3.4 ifpdf legacy package. Use iftex instead.

(/usr/share/texlive/texmf-dist/tex/generic/iftex/iftex.sty
Package: iftex 2019/11/07 v1.0c TeX engine tests
))
\headdp=\dimen134
\footheight=\dimen135
\sidebarheight=\dimen136
\beamer@tempdim=\dimen137
\beamer@finalheight=\dimen138
\beamer@animht=\dimen139
\beamer@animdp=\dimen140
\beamer@animwd=\dimen141
\beamer@leftmargin=\dimen142
\beamer@rightmargin=\dimen143
\beamer@leftsidebar=\dimen144
\beamer@rightsidebar=\dimen145
\beamer@boxsize=\dimen146
\beamer@vboxoffset=\dimen147
\beamer@descdefault=\dimen148
\beamer@descriptionwidth=\dimen149
\beamer@lastskip=\skip47
\beamer@areabox=\box48
\beamer@animcurrent=\box49
\beamer@animshowbox=\box50
\beamer@sectionbox=\box51
\beamer@logobox=\box52
\beamer@linebox=\box53
\beamer@sectioncount=\count173
\beamer@subsubsectionmax=\count174
\beamer@subsectionmax=\count175
\beamer@sectionmax=\count176
\beamer@totalheads=\count177
\beamer@headcounter=\count178
\beamer@partstartpage=\count179
\beamer@sectionstartpage=\count180
\beamer@subsectionstartpage=\count181
\beamer@animationtempa=\count182
\beamer@animationtempb=\count183
\beamer@xpos=\count184
\beamer@ypos=\count185
\beamer@ypos@offset=\count186
\beamer@showpartnumber=\count187
\beamer@currentsubsection=\count188
\beamer@coveringdepth=\count189
\beamer@sectionadjust=\count190
\beamer@tocsectionnumber=\count191

(/usr/share/texlive/texmf-dist/tex/latex/beamer/beamerbaseoptions.sty
(/usr/share/texlive/texmf-dist/tex/latex/graphics/keyval.sty
Package: keyval 2014/10/28 v1.15 key=value parser (DPC)
\KV@toks@=\toks14
))
\beamer@paperwidth=\skip48
\beamer@paperheight=\skip49

(/usr/share/texlive/texmf-dist/tex/latex/geometry/geometry.sty
Package: geometry 2020/01/02 v5.9 Page Geometry

(/usr/share/texlive/texmf-dist/tex/generic/iftex/ifvtex.sty
Package: ifvtex 2019/10/25 v1.7 ifvtex legacy package. Use iftex instead.
)
\Gm@cnth=\count192
\Gm@cntv=\count193
\c@Gm@tempcnt=\count194
\Gm@bindingoffset=\dimen150
\Gm@wd@mp=\dimen151
\Gm@odd@mp=\dimen152
\Gm@even@mp=\dimen153
\Gm@layoutwidth=\dimen154
\Gm@layoutheight=\dimen155
\Gm@layouthoffset=\dimen156
\Gm@layoutvoffset=\dimen157
\Gm@dimlist=\toks15
)
(/usr/share/texlive/texmf-dist/tex/latex/base/size10.clo
File: size10.clo 2019/12/20 v1.4l Standard LaTeX file (size option)
)
(/usr/share/texlive/texmf-dist/tex/latex/pgf/basiclayer/pgfcore.sty
(/usr/share/texlive/texmf-dist/tex/latex/graphics/graphicx.sty
Package: graphicx 2019/11/30 v1.2a Enhanced LaTeX Graphics (DPC,SPQR)

(/usr/share/texlive/texmf-dist/tex/latex/graphics/graphics.sty
Package: graphics 2019/11/30 v1.4a Standard LaTeX Graphics (DPC,SPQR)

(/usr/share/texlive/texmf-dist/tex/latex/graphics/trig.sty
Package: trig 2016/01/03 v1.10 sin cos tan (DPC)
)
(/usr/share/texlive/texmf-dist/tex/latex/graphics-cfg/graphics.cfg
File: graphics.cfg 2016/06/04 v1.11 sample graphics configuration
)
Package graphics Info: Driver file: pdftex.def on input line 105.

(/usr/share/texlive/texmf-dist/tex/latex/graphics-def/pdftex.def
File: pdftex.def 2018/01/08 v1.0l Graphics/color driver for pdftex
))
\Gin@req@height=\dimen158
\Gin@req@width=\dimen159
)
(/usr/share/texlive/texmf-dist/tex/latex/pgf/systemlayer/pgfsys.sty
(/usr/share/texlive/texmf-dist/tex/latex/pgf/utilities/pgfrcs.sty
(/usr/share/texlive/texmf-dist/tex/generic/pgf/utilities/pgfutil-common.tex
\pgfutil@everybye=\toks16
\pgfutil@tempdima=\dimen160
\pgfutil@tempdimb=\dimen161

(/usr/share/texlive/texmf-dist/tex/generic/pgf/utilities/pgfutil-common-lists.t
ex)) (/usr/share/texlive/texmf-dist/tex/generic/pgf/utilities/pgfutil-latex.def
\pgfutil@abb=\box54
(/usr/share/texlive/texmf-dist/tex/latex/ms/everyshi.sty
Package: everyshi 2001/05/15 v3.00 EveryShipout Package (MS)
))
(/usr/share/texlive/texmf-dist/tex/generic/pgf/utilities/pgfrcs.code.tex
(/usr/share/texlive/texmf-dist/tex/generic/pgf/pgf.revision.tex)
Package: pgfrcs 2020/01/08 v3.1.5b (3.1.5b)
))
(/usr/share/texlive/texmf-dist/tex/generic/pgf/systemlayer/pgfsys.code.tex
Package: pgfsys 2020/01/08 v3.1.5b (3.1.5b)

(/usr/share/texlive/texmf-dist/tex/generic/pgf/utilities/pgfkeys.code.tex
\pgfkeys@pathtoks=\toks17
\pgfkeys@temptoks=\toks18

(/usr/share/texlive/texmf-dist/tex/generic/pgf/utilities/pgfkeysfiltered.code.t
ex
\pgfkeys@tmptoks=\toks19
))
\pgf@x=\dimen162
\pgf@y=\dimen163
\pgf@xa=\dimen164
\pgf@ya=\dimen165
\pgf@xb=\dimen166
\pgf@yb=\dimen167
\pgf@xc=\dimen168
\pgf@yc=\dimen169
\pgf@xd=\dimen170
\pgf@yd=\dimen171
\w@pgf@writea=\write3
\r@pgf@reada=\read2
\c@pgf@counta=\count195
\c@pgf@countb=\count196
\c@pgf@countc=\count197
\c@pgf@countd=\count198
\t@pgf@toka=\toks20
\t@pgf@tokb=\toks21
\t@pgf@tokc=\toks22
\pgf@sys@id@count=\count199
 (/usr/share/texlive/texmf-dist/tex/generic/pgf/systemlayer/pgf.cfg
File: pgf.cfg 2020/01/08 v3.1.5b (3.1.5b)
)
Driver file for pgf: pgfsys-pdftex.def

(/usr/share/texlive/texmf-dist/tex/generic/pgf/systemlayer/pgfsys-pdftex.def
File: pgfsys-pdftex.def 2020/01/08 v3.1.5b (3.1.5b)

(/usr/share/texlive/texmf-dist/tex/generic/pgf/systemlayer/pgfsys-common-pdf.de
f
File: pgfsys-common-pdf.def 2020/01/08 v3.1.5b (3.1.5b)
)))
(/usr/share/texlive/texmf-dist/tex/generic/pgf/systemlayer/pgfsyssoftpath.code.
tex
File: pgfsyssoftpath.code.tex 2020/01/08 v3.1.5b (3.1.5b)
\pgfsyssoftpath@smallbuffer@items=\count266
\pgfsyssoftpath@bigbuffer@items=\count267
)
(/usr/share/texlive/texmf-dist/tex/generic/pgf/systemlayer/pgfsysprotocol.code.
tex
File: pgfsysprotocol.code.tex 2020/01/08 v3.1.5b (3.1.5b)
)) (/usr/share/texlive/texmf-dist/tex/latex/xcolor/xcolor.sty
Package: xcolor 2016/05/11 v2.12 LaTeX color extensions (UK)

(/usr/share/texlive/texmf-dist/tex/latex/graphics-cfg/color.cfg
File: color.cfg 2016/01/02 v1.6 sample color configuration
)
Package xcolor Info: Driver file: pdftex.def on input line 225.
Package xcolor Info: Model `cmy' substituted by `cmy0' on input line 1348.
Package xcolor Info: Model `hsb' substituted by `rgb' on input line 1352.
Package xcolor Info: Model `RGB' extended on input line 1364.
Package xcolor Info: Model `HTML' substituted by `rgb' on input line 1366.
Package xcolor Info: Model `Hsb' substituted by `hsb' on input line 1367.
Package xcolor Info: Model `tHsb' substituted by `hsb' on input line 1368.
Package xcolor Info: Model `HSB' substituted by `hsb' on input line 1369.
Package xcolor Info: Model `Gray' substituted by `gray' on input line 1370.
Package xcolor Info: Model `wave' substituted by `hsb' on input line 1371.

(/usr/share/texlive/texmf-dist/tex/latex/xcolor/svgnam.def
File: svgnam.def 2016/05/11 v2.12 Predefined colors according to SVG 1.1 (UK)
))
(/usr/share/texlive/texmf-dist/tex/generic/pgf/basiclayer/pgfcore.code.tex
Package: pgfcore 2020/01/08 v3.1.5b (3.1.5b)

(/usr/share/texlive/texmf-dist/tex/generic/pgf/math/pgfmath.code.tex
(/usr/share/texlive/texmf-dist/tex/generic/pgf/math/pgfmathcalc.code.tex
(/usr/share/texlive/texmf-dist/tex/generic/pgf/math/pgfmathutil.code.tex)
(/usr/share/texlive/texmf-dist/tex/generic/pgf/math/pgfmathparser.code.tex
\pgfmath@dimen=\dimen172
\pgfmath@count=\count268
\pgfmath@box=\box55
\pgfmath@toks=\toks23
\pgfmath@stack@operand=\toks24
\pgfmath@stack@operation=\toks25
)
(/usr/share/texlive/texmf-dist/tex/generic/pgf/math/pgfmathfunctions.code.tex
(/usr/share/texlive/texmf-dist/tex/generic/pgf/math/pgfmathfunctions.basic.code
.tex)
(/usr/share/texlive/texmf-dist/tex/generic/pgf/math/pgfmathfunctions.trigonomet
ric.code.tex)
(/usr/share/texlive/texmf-dist/tex/generic/pgf/math/pgfmathfunctions.random.cod
e.tex)
(/usr/share/texlive/texmf-dist/tex/generic/pgf/math/pgfmathfunctions.comparison
.code.tex)
(/usr/share/texlive/texmf-dist/tex/generic/pgf/math/pgfmathfunctions.base.code.
tex)
(/usr/share/texlive/texmf-dist/tex/generic/pgf/math/pgfmathfunctions.round.code
.tex)
(/usr/share/texlive/texmf-dist/tex/generic/pgf/math/pgfmathfunctions.misc.code.
tex)
(/usr/share/texlive/texmf-dist/tex/generic/pgf/math/pgfmathfunctions.integerari
thmetics.code.tex)))
(/usr/share/texlive/texmf-dist/tex/generic/pgf/math/pgfmathfloat.code.tex
\c@pgfmathroundto@lastzeros=\count269
))
(/usr/share/texlive/texmf-dist/tex/generic/pgf/math/pgfint.code.tex)
(/usr/share/texlive/texmf-dist/tex/generic/pgf/basiclayer/pgfcorepoints.code.te
x
File: pgfcorepoints.code.tex 2020/01/08 v3.1.5b (3.1.5b)
\pgf@picminx=\dimen173
\pgf@picmaxx=\dimen174
\pgf@picminy=\dimen175
\pgf@picmaxy=\dimen176
\pgf@pathminx=\dimen177
\pgf@pathmaxx=\dimen178
\pgf@pathminy=\dimen179
\pgf@pathmaxy=\dimen180
\pgf@xx=\dimen181
\pgf@xy=\dimen182
\pgf@yx=\dimen183
\pgf@yy=\dimen184
\pgf@zx=\dimen185
\pgf@zy=\dimen186
)
(/usr/share/texlive/texmf-dist/tex/generic/pgf/basiclayer/pgfcorepathconstruct.
code.tex
File: pgfcorepathconstruct.code.tex 2020/01/08 v3.1.5b (3.1.5b)
\pgf@path@lastx=\dimen187
\pgf@path@lasty=\dimen188
)
(/usr/share/texlive/texmf-dist/tex/generic/pgf/basiclayer/pgfcorepathusage.code
.tex
File: pgfcorepathusage.code.tex 2020/01/08 v3.1.5b (3.1.5b)
\pgf@shorten@end@additional=\dimen189
\pgf@shorten@start@additional=\dimen190
)
(/usr/share/texlive/texmf-dist/tex/generic/pgf/basiclayer/pgfcorescopes.code.te
x
File: pgfcorescopes.code.tex 2020/01/08 v3.1.5b (3.1.5b)
\pgfpic=\box56
\pgf@hbox=\box57
\pgf@layerbox@main=\box58
\pgf@picture@serial@count=\count270
)
(/usr/share/texlive/texmf-dist/tex/generic/pgf/basiclayer/pgfcoregraphicstate.c
ode.tex
File: pgfcoregraphicstate.code.tex 2020/01/08 v3.1.5b (3.1.5b)
\pgflinewidth=\dimen191
)
(/usr/share/texlive/texmf-dist/tex/generic/pgf/basiclayer/pgfcoretransformation
s.code.tex
File: pgfcoretransformations.code.tex 2020/01/08 v3.1.5b (3.1.5b)
\pgf@pt@x=\dimen192
\pgf@pt@y=\dimen193
\pgf@pt@temp=\dimen194
)
(/usr/share/texlive/texmf-dist/tex/generic/pgf/basiclayer/pgfcorequick.code.tex
File: pgfcorequick.code.tex 2020/01/08 v3.1.5b (3.1.5b)
)
(/usr/share/texlive/texmf-dist/tex/generic/pgf/basiclayer/pgfcoreobjects.code.t
ex
File: pgfcoreobjects.code.tex 2020/01/08 v3.1.5b (3.1.5b)
)
(/usr/share/texlive/texmf-dist/tex/generic/pgf/basiclayer/pgfcorepathprocessing
.code.tex
File: pgfcorepathprocessing.code.tex 2020/01/08 v3.1.5b (3.1.5b)
)
(/usr/share/texlive/texmf-dist/tex/generic/pgf/basiclayer/pgfcorearrows.code.te
x
File: pgfcorearrows.code.tex 2020/01/08 v3.1.5b (3.1.5b)
\pgfarrowsep=\dimen195
)
(/usr/share/texlive/texmf-dist/tex/generic/pgf/basiclayer/pgfcoreshade.code.tex
File: pgfcoreshade.code.tex 2020/01/08 v3.1.5b (3.1.5b)
\pgf@max=\dimen196
\pgf@sys@shading@range@num=\count271
\pgf@shadingcount=\count272
)
(/usr/share/texlive/texmf-dist/tex/generic/pgf/basiclayer/pgfcoreimage.code.tex
File: pgfcoreimage.code.tex 2020/01/08 v3.1.5b (3.1.5b)

(/usr/share/texlive/texmf-dist/tex/generic/pgf/basiclayer/pgfcoreexternal.code.
tex
File: pgfcoreexternal.code.tex 2020/01/08 v3.1.5b (3.1.5b)
\pgfexternal@startupbox=\box59
))
(/usr/share/texlive/texmf-dist/tex/generic/pgf/basiclayer/pgfcorelayers.code.te
x
File: pgfcorelayers.code.tex 2020/01/08 v3.1.5b (3.1.5b)
)
(/usr/share/texlive/texmf-dist/tex/generic/pgf/basiclayer/pgfcoretransparency.c
ode.tex
File: pgfcoretransparency.code.tex 2020/01/08 v3.1.5b (3.1.5b)
)
(/usr/share/texlive/texmf-dist/tex/generic/pgf/basiclayer/pgfcorepatterns.code.
tex
File: pgfcorepatterns.code.tex 2020/01/08 v3.1.5b (3.1.5b)
)
(/usr/share/texlive/texmf-dist/tex/generic/pgf/basiclayer/pgfcorerdf.code.tex
File: pgfcorerdf.code.tex 2020/01/08 v3.1.5b (3.1.5b)
))) (/usr/share/texlive/texmf-dist/tex/latex/pgf/utilities/xxcolor.sty
Package: xxcolor 2003/10/24 ver 0.1
\XC@nummixins=\count273
\XC@countmixins=\count274
)
(/usr/share/texlive/texmf-dist/tex/generic/atbegshi/atbegshi.sty
Package: atbegshi 2019/12/05 v1.19 At begin shipout hook (HO)

(/usr/share/texlive/texmf-dist/tex/generic/infwarerr/infwarerr.sty
Package: infwarerr 2019/12/03 v1.5 Providing info/warning/error messages (HO)
)
(/usr/share/texlive/texmf-dist/tex/generic/ltxcmds/ltxcmds.sty
Package: ltxcmds 2019/12/15 v1.24 LaTeX kernel commands for general use (HO)
))
(/usr/share/texlive/texmf-dist/tex/latex/hyperref/hyperref.sty
Package: hyperref 2020/01/14 v7.00d Hypertext links for LaTeX

(/usr/share/texlive/texmf-dist/tex/latex/pdftexcmds/pdftexcmds.sty
Package: pdftexcmds 2019/11/24 v0.31 Utility functions of pdfTeX for LuaTeX (HO
)
Package pdftexcmds Info: \pdf@primitive is available.
Package pdftexcmds Info: \pdf@ifprimitive is available.
Package pdftexcmds Info: \pdfdraftmode found.
)
(/usr/share/texlive/texmf-dist/tex/generic/kvsetkeys/kvsetkeys.sty
Package: kvsetkeys 2019/12/15 v1.18 Key value parser (HO)
)
(/usr/share/texlive/texmf-dist/tex/generic/kvdefinekeys/kvdefinekeys.sty
Package: kvdefinekeys 2019-12-19 v1.6 Define keys (HO)
)
(/usr/share/texlive/texmf-dist/tex/generic/pdfescape/pdfescape.sty
Package: pdfescape 2019/12/09 v1.15 Implements pdfTeX's escape features (HO)
)
(/usr/share/texlive/texmf-dist/tex/latex/hycolor/hycolor.sty
Package: hycolor 2020-01-27 v1.10 Color options for hyperref/bookmark (HO)
)
(/usr/share/texlive/texmf-dist/tex/latex/letltxmacro/letltxmacro.sty
Package: letltxmacro 2019/12/03 v1.6 Let assignment for LaTeX macros (HO)
)
(/usr/share/texlive/texmf-dist/tex/latex/auxhook/auxhook.sty
Package: auxhook 2019-12-17 v1.6 Hooks for auxiliary files (HO)
)
(/usr/share/texlive/texmf-dist/tex/latex/kvoptions/kvoptions.sty
Package: kvoptions 2019/11/29 v3.13 Key value format for package options (HO)
)
\@linkdim=\dimen197
\Hy@linkcounter=\count275
\Hy@pagecounter=\count276

(/usr/share/texlive/texmf-dist/tex/latex/hyperref/pd1enc.def
File: pd1enc.def 2020/01/14 v7.00d Hyperref: PDFDocEncoding definition (HO)
Now handling font encoding PD1 ...
... no UTF-8 mapping file for font encoding PD1
)
(/usr/share/texlive/texmf-dist/tex/generic/intcalc/intcalc.sty
Package: intcalc 2019/12/15 v1.3 Expandable calculations with integers (HO)
)
(/usr/share/texlive/texmf-dist/tex/generic/etexcmds/etexcmds.sty
Package: etexcmds 2019/12/15 v1.7 Avoid name clashes with e-TeX commands (HO)
)
\Hy@SavedSpaceFactor=\count277
\pdfmajorversion=\count278
Package hyperref Info: Option `bookmarks' set `true' on input line 4421.
Package hyperref Info: Option `bookmarksopen' set `true' on input line 4421.
Package hyperref Info: Option `implicit' set `false' on input line 4421.
Package hyperref Info: Hyper figures OFF on input line 4547.
Package hyperref Info: Link nesting OFF on input line 4552.
Package hyperref Info: Hyper index ON on input line 4555.
Package hyperref Info: Plain pages OFF on input line 4562.
Package hyperref Info: Backreferencing OFF on input line 4567.
Package hyperref Info: Implicit mode OFF; no redefinition of LaTeX internals.
Package hyperref Info: Bookmarks ON on input line 4800.
\c@Hy@tempcnt=\count279

(/usr/share/texlive/texmf-dist/tex/latex/url/url.sty
\Urlmuskip=\muskip16
Package: url 2013/09/16  ver 3.4  Verb mode for urls, etc.
)
LaTeX Info: Redefining \url on input line 5159.
\XeTeXLinkMargin=\dimen198

(/usr/share/texlive/texmf-dist/tex/generic/bitset/bitset.sty
Package: bitset 2019/12/09 v1.3 Handle bit-vector datatype (HO)

(/usr/share/texlive/texmf-dist/tex/generic/bigintcalc/bigintcalc.sty
Package: bigintcalc 2019/12/15 v1.5 Expandable calculations on big integers (HO
)
))
\Fld@menulength=\count280
\Field@Width=\dimen199
\Fld@charsize=\dimen256
Package hyperref Info: Hyper figures OFF on input line 6430.
Package hyperref Info: Link nesting OFF on input line 6435.
Package hyperref Info: Hyper index ON on input line 6438.
Package hyperref Info: backreferencing OFF on input line 6445.
Package hyperref Info: Link coloring OFF on input line 6450.
Package hyperref Info: Link coloring with OCG OFF on input line 6455.
Package hyperref Info: PDF/A mode OFF on input line 6460.
LaTeX Info: Redefining \ref on input line 6500.
LaTeX Info: Redefining \pageref on input line 6504.
\Hy@abspage=\count281


Package hyperref Message: Stopped early.

)
Package hyperref Info: Driver (autodetected): hpdftex.
 (/usr/share/texlive/texmf-dist/tex/latex/hyperref/hpdftex.def
File: hpdftex.def 2020/01/14 v7.00d Hyperref driver for pdfTeX

(/usr/share/texlive/texmf-dist/tex/latex/atveryend/atveryend.sty
Package: atveryend 2019-12-11 v1.11 Hooks at the very end of document (HO)
)
\Fld@listcount=\count282
\c@bookmark@seq@number=\count283

(/usr/share/texlive/texmf-dist/tex/latex/rerunfilecheck/rerunfilecheck.sty
Package: rerunfilecheck 2019/12/05 v1.9 Rerun checks for auxiliary files (HO)

(/usr/share/texlive/texmf-dist/tex/generic/uniquecounter/uniquecounter.sty
Package: uniquecounter 2019/12/15 v1.4 Provide unlimited unique counter (HO)
)
Package uniquecounter Info: New unique counter `rerunfilecheck' on input line 2
86.
))
(/usr/share/texlive/texmf-dist/tex/latex/beamer/beamerbaserequires.sty
(/usr/share/texlive/texmf-dist/tex/latex/beamer/beamerbasecompatibility.sty)
(/usr/share/texlive/texmf-dist/tex/latex/beamer/beamerbasefont.sty
(/usr/share/texlive/texmf-dist/tex/latex/amsfonts/amssymb.sty
Package: amssymb 2013/01/14 v3.01 AMS font symbols

(/usr/share/texlive/texmf-dist/tex/latex/amsfonts/amsfonts.sty
Package: amsfonts 2013/01/14 v3.01 Basic AMSFonts support
\@emptytoks=\toks26
\symAMSa=\mathgroup4
\symAMSb=\mathgroup5
LaTeX Font Info:    Redeclaring math symbol \hbar on input line 98.
LaTeX Font Info:    Overwriting math alphabet `\mathfrak' in version `bold'
(Font)                  U/euf/m/n --> U/euf/b/n on input line 106.
))
(/usr/share/texlive/texmf-dist/tex/latex/sansmathaccent/sansmathaccent.sty
Package: sansmathaccent 2020/01/31

(/usr/share/texlive/texmf-dist/tex/latex/koma-script/scrlfile.sty
Package: scrlfile 2020/01/24 v3.29 KOMA-Script package (loading files)
)))
(/usr/share/texlive/texmf-dist/tex/latex/beamer/beamerbasetranslator.sty
(/usr/share/texlive/texmf-dist/tex/latex/translator/translator.sty
Package: translator 2019-05-31 v1.12a Easy translation of strings in LaTeX
))
(/usr/share/texlive/texmf-dist/tex/latex/beamer/beamerbasemisc.sty)
(/usr/share/texlive/texmf-dist/tex/latex/beamer/beamerbasetwoscreens.sty)
(/usr/share/texlive/texmf-dist/tex/latex/beamer/beamerbaseoverlay.sty
\beamer@argscount=\count284
\beamer@lastskipcover=\skip50
\beamer@trivlistdepth=\count285
)
(/usr/share/texlive/texmf-dist/tex/latex/beamer/beamerbasetitle.sty)
(/usr/share/texlive/texmf-dist/tex/latex/beamer/beamerbasesection.sty
\c@lecture=\count286
\c@part=\count287
\c@section=\count288
\c@subsection=\count289
\c@subsubsection=\count290
)
(/usr/share/texlive/texmf-dist/tex/latex/beamer/beamerbaseframe.sty
\beamer@framebox=\box60
\beamer@frametitlebox=\box61
\beamer@zoombox=\box62
\beamer@zoomcount=\count291
\beamer@zoomframecount=\count292
\beamer@frametextheight=\dimen257
\c@subsectionslide=\count293
\beamer@frametopskip=\skip51
\beamer@framebottomskip=\skip52
\beamer@frametopskipautobreak=\skip53
\beamer@framebottomskipautobreak=\skip54
\beamer@envbody=\toks27
\framewidth=\dimen258
\c@framenumber=\count294
)
(/usr/share/texlive/texmf-dist/tex/latex/beamer/beamerbaseverbatim.sty
\beamer@verbatimfileout=\write4
)
(/usr/share/texlive/texmf-dist/tex/latex/beamer/beamerbaseframesize.sty
\beamer@splitbox=\box63
\beamer@autobreakcount=\count295
\beamer@autobreaklastheight=\dimen259
\beamer@frametitletoks=\toks28
\beamer@framesubtitletoks=\toks29
)
(/usr/share/texlive/texmf-dist/tex/latex/beamer/beamerbaseframecomponents.sty
\beamer@footins=\box64
)
(/usr/share/texlive/texmf-dist/tex/latex/beamer/beamerbasecolor.sty)
(/usr/share/texlive/texmf-dist/tex/latex/beamer/beamerbasenotes.sty
\beamer@frameboxcopy=\box65
)
(/usr/share/texlive/texmf-dist/tex/latex/beamer/beamerbasetoc.sty)
(/usr/share/texlive/texmf-dist/tex/latex/beamer/beamerbasetemplates.sty
\beamer@sbttoks=\toks30

(/usr/share/texlive/texmf-dist/tex/latex/beamer/beamerbaseauxtemplates.sty
(/usr/share/texlive/texmf-dist/tex/latex/beamer/beamerbaseboxes.sty
\bmb@box=\box66
\bmb@colorbox=\box67
\bmb@boxshadow=\box68
\bmb@boxshadowball=\box69
\bmb@boxshadowballlarge=\box70
\bmb@temp=\dimen260
\bmb@dima=\dimen261
\bmb@dimb=\dimen262
\bmb@prevheight=\dimen263
)
\beamer@blockheadheight=\dimen264
))
(/usr/share/texlive/texmf-dist/tex/latex/beamer/beamerbaselocalstructure.sty
(/usr/share/texlive/texmf-dist/tex/latex/tools/enumerate.sty
Package: enumerate 2015/07/23 v3.00 enumerate extensions (DPC)
\@enLab=\toks31
)
\c@figure=\count296
\c@table=\count297
\abovecaptionskip=\skip55
\belowcaptionskip=\skip56
)
(/usr/share/texlive/texmf-dist/tex/latex/beamer/beamerbasenavigation.sty
\beamer@section@min@dim=\dimen265
)
(/usr/share/texlive/texmf-dist/tex/latex/beamer/beamerbasetheorems.sty
(/usr/share/texlive/texmf-dist/tex/latex/amsmath/amsmath.sty
Package: amsmath 2020/01/20 v2.17e AMS math features
\@mathmargin=\skip57

For additional information on amsmath, use the `?' option.
(/usr/share/texlive/texmf-dist/tex/latex/amsmath/amstext.sty
Package: amstext 2000/06/29 v2.01 AMS text

(/usr/share/texlive/texmf-dist/tex/latex/amsmath/amsgen.sty
File: amsgen.sty 1999/11/30 v2.0 generic functions
\@emptytoks=\toks32
\ex@=\dimen266
))
(/usr/share/texlive/texmf-dist/tex/latex/amsmath/amsbsy.sty
Package: amsbsy 1999/11/29 v1.2d Bold Symbols
\pmbraise@=\dimen267
)
(/usr/share/texlive/texmf-dist/tex/latex/amsmath/amsopn.sty
Package: amsopn 2016/03/08 v2.02 operator names
)
\inf@bad=\count298
LaTeX Info: Redefining \frac on input line 227.
\uproot@=\count299
\leftroot@=\count300
LaTeX Info: Redefining \overline on input line 389.
\classnum@=\count301
\DOTSCASE@=\count302
LaTeX Info: Redefining \ldots on input line 486.
LaTeX Info: Redefining \dots on input line 489.
LaTeX Info: Redefining \cdots on input line 610.
\Mathstrutbox@=\box71
\strutbox@=\box72
\big@size=\dimen268
LaTeX Font Info:    Redeclaring font encoding OML on input line 733.
LaTeX Font Info:    Redeclaring font encoding OMS on input line 734.
\macc@depth=\count303
\c@MaxMatrixCols=\count304
\dotsspace@=\muskip17
\c@parentequation=\count305
\dspbrk@lvl=\count306
\tag@help=\toks33
\row@=\count307
\column@=\count308
\maxfields@=\count309
\andhelp@=\toks34
\eqnshift@=\dimen269
\alignsep@=\dimen270
\tagshift@=\dimen271
\tagwidth@=\dimen272
\totwidth@=\dimen273
\lineht@=\dimen274
\@envbody=\toks35
\multlinegap=\skip58
\multlinetaggap=\skip59
\mathdisplay@stack=\toks36
LaTeX Info: Redefining \[ on input line 2859.
LaTeX Info: Redefining \] on input line 2860.
)
(/usr/share/texlive/texmf-dist/tex/latex/amscls/amsthm.sty
Package: amsthm 2017/10/31 v2.20.4
\thm@style=\toks37
\thm@bodyfont=\toks38
\thm@headfont=\toks39
\thm@notefont=\toks40
\thm@headpunct=\toks41
\thm@preskip=\skip60
\thm@postskip=\skip61
\thm@headsep=\skip62
\dth@everypar=\toks42
)
\c@theorem=\count310
)
(/usr/share/texlive/texmf-dist/tex/latex/beamer/beamerbasethemes.sty))
(/usr/share/texlive/texmf-dist/tex/latex/beamer/beamerthemedefault.sty
(/usr/share/texlive/texmf-dist/tex/latex/beamer/beamerfontthemedefault.sty)
(/usr/share/texlive/texmf-dist/tex/latex/beamer/beamercolorthemedefault.sty)
(/usr/share/texlive/texmf-dist/tex/latex/beamer/beamerinnerthemedefault.sty
\beamer@dima=\dimen275
\beamer@dimb=\dimen276
)
(/usr/share/texlive/texmf-dist/tex/latex/beamer/beamerouterthemedefault.sty)))
(/usr/share/texlive/texmf-dist/tex/latex/pgf/utilities/pgfpages.sty
Package: pgfpages 2011/01/05 ver 0.02

(/usr/share/texlive/texmf-dist/tex/latex/tools/calc.sty
Package: calc 2017/05/25 v4.3 Infix arithmetic (KKT,FJ)
\calc@Acount=\count311
\calc@Bcount=\count312
\calc@Adimen=\dimen277
\calc@Bdimen=\dimen278
\calc@Askip=\skip63
\calc@Bskip=\skip64
LaTeX Info: Redefining \setlength on input line 80.
LaTeX Info: Redefining \addtolength on input line 81.
\calc@Ccount=\count313
\calc@Cskip=\skip65
)
\pgf@logicalpages=\count314
\pgf@firstshipout=\count315
\pgf@lastshipout=\count316
\pgf@currentshipout=\count317
\pgf@cpn=\count318
\pgf@shipoutnextto=\count319
\pgfphysicalheight=\dimen279
\pgfphysicalwidth=\dimen280
\pgfpages@shipoutbox=\box73
)
(./appendixnumberbeamer.sty)
(/usr/share/texlive/texmf-dist/tex/latex/base/exscale.sty
Package: exscale 2018/09/24 v2.1i Standard LaTeX package exscale
LaTeX Font Info:    Redeclaring symbol font `largesymbols' on input line 57.
LaTeX Font Info:    Overwriting symbol font `largesymbols' in version `normal'
(Font)                  OMX/cmex/m/n --> OMX/cmex/m/n on input line 57.
LaTeX Font Info:    Overwriting symbol font `largesymbols' in version `bold'
(Font)                  OMX/cmex/m/n --> OMX/cmex/m/n on input line 57.
\big@size=\dimen281
)
(/usr/share/texlive/texmf-dist/tex/latex/fancyvrb/fancyvrb.sty
Package: fancyvrb 2020/01/13 v3.5 verbatim text (tvz,hv)
\FV@CodeLineNo=\count320
\FV@InFile=\read3
\FV@TabBox=\box74
\c@FancyVerbLine=\count321
\FV@StepNumber=\count322
\FV@OutFile=\write5
)
(/usr/share/texlive/texmf-dist/tex/latex/psnfss/times.sty
Package: times 2005/04/12 PSNFSS-v9.2a (SPQR) 
)
(/usr/share/texlive/texmf-dist/tex/latex/base/fontenc.sty
Package: fontenc 2020/02/11 v2.0o Standard LaTeX package
LaTeX Font Info:    Trying to load font information for T1+phv on input line 11
2.

(/usr/share/texlive/texmf-dist/tex/latex/psnfss/t1phv.fd
File: t1phv.fd 2001/06/04 scalable font definitions for T1/phv.
))
(/usr/share/texlive/texmf-dist/tex/latex/tcolorbox/tcolorbox.sty
Package: tcolorbox 2019/11/15 version 4.22 text color boxes

(/usr/share/texlive/texmf-dist/tex/latex/pgf/basiclayer/pgf.sty
Package: pgf 2020/01/08 v3.1.5b (3.1.5b)

(/usr/share/texlive/texmf-dist/tex/generic/pgf/modules/pgfmoduleshapes.code.tex
File: pgfmoduleshapes.code.tex 2020/01/08 v3.1.5b (3.1.5b)
\pgfnodeparttextbox=\box75
) (/usr/share/texlive/texmf-dist/tex/generic/pgf/modules/pgfmoduleplot.code.tex
File: pgfmoduleplot.code.tex 2020/01/08 v3.1.5b (3.1.5b)
)
(/usr/share/texlive/texmf-dist/tex/latex/pgf/compatibility/pgfcomp-version-0-65
.sty
Package: pgfcomp-version-0-65 2020/01/08 v3.1.5b (3.1.5b)
\pgf@nodesepstart=\dimen282
\pgf@nodesepend=\dimen283
)
(/usr/share/texlive/texmf-dist/tex/latex/pgf/compatibility/pgfcomp-version-1-18
.sty
Package: pgfcomp-version-1-18 2020/01/08 v3.1.5b (3.1.5b)
)) (/usr/share/texlive/texmf-dist/tex/latex/tools/verbatim.sty
Package: verbatim 2019/11/10 v1.5r LaTeX2e package for verbatim enhancements
\every@verbatim=\toks43
\verbatim@line=\toks44
\verbatim@in@stream=\read4
)
(/usr/share/texlive/texmf-dist/tex/latex/environ/environ.sty
Package: environ 2014/05/04 v0.3 A new way to define environments

(/usr/share/texlive/texmf-dist/tex/latex/trimspaces/trimspaces.sty
Package: trimspaces 2009/09/17 v1.1 Trim spaces around a token list
))
\tcb@titlebox=\box76
\tcb@upperbox=\box77
\tcb@lowerbox=\box78
\tcb@phantombox=\box79
\c@tcbbreakpart=\count323
\c@tcblayer=\count324
\tcolorbox@number=\count325
\tcb@temp=\box80
\tcb@temp=\box81
\tcb@temp=\box82
\tcb@temp=\box83
\tcb@out=\write6
\tcb@record@out=\write7
)
(./jlcode.sty
-- Package: `jlcode' 5.1 <2020/11/26> --
Package: jlcode 2020/11/26 5.1
(/usr/share/texlive/texmf-dist/tex/latex/listings/listings.sty
\lst@mode=\count326
\lst@gtempboxa=\box84
\lst@token=\toks45
\lst@length=\count327
\lst@currlwidth=\dimen284
\lst@column=\count328
\lst@pos=\count329
\lst@lostspace=\dimen285
\lst@width=\dimen286
\lst@newlines=\count330
\lst@lineno=\count331
\lst@maxwidth=\dimen287

(/usr/share/texlive/texmf-dist/tex/latex/listings/lstmisc.sty
File: lstmisc.sty 2019/09/10 1.8c (Carsten Heinz)
\c@lstnumber=\count332
\lst@skipnumbers=\count333
\lst@framebox=\box85
)
(/usr/share/texlive/texmf-dist/tex/latex/listings/listings.cfg
File: listings.cfg 2019/09/10 1.8c listings configuration
))
Package: listings 2019/09/10 1.8c (Carsten Heinz)

(/usr/share/texlive/texmf-dist/tex/latex/base/textcomp.sty
Package: textcomp 2020/02/02 v2.0n Standard LaTeX package
)
(/usr/share/texlive/texmf-dist/tex/latex/eurosym/eurosym.sty
Package: eurosym 1998/08/06 v1.1 European currency symbol ``Euro''
\@eurobox=\box86
)
(/usr/share/texlive/texmf-dist/tex/latex/pmboxdraw/pmboxdraw.sty
Package: pmboxdraw 2019/12/05 v1.4 Poor man's box drawing characters (HO)
Now handling font encoding pmboxdraw ...
... processing UTF-8 mapping file for font encoding pmboxdraw

(/usr/share/texlive/texmf-dist/tex/latex/pmboxdraw/pmboxdrawenc.dfu
File: pmboxdrawenc.dfu 2019/12/05 v1.4 UTF-8 support for box drawing characters

   defining Unicode char U+2500 (decimal 9472)
   defining Unicode char U+2501 (decimal 9473)
   defining Unicode char U+2502 (decimal 9474)
   defining Unicode char U+2503 (decimal 9475)
   defining Unicode char U+250C (decimal 9484)
   defining Unicode char U+250D (decimal 9485)
   defining Unicode char U+250E (decimal 9486)
   defining Unicode char U+250F (decimal 9487)
   defining Unicode char U+2510 (decimal 9488)
   defining Unicode char U+2511 (decimal 9489)
   defining Unicode char U+2512 (decimal 9490)
   defining Unicode char U+2513 (decimal 9491)
   defining Unicode char U+2514 (decimal 9492)
   defining Unicode char U+2515 (decimal 9493)
   defining Unicode char U+2516 (decimal 9494)
   defining Unicode char U+2517 (decimal 9495)
   defining Unicode char U+2518 (decimal 9496)
   defining Unicode char U+2519 (decimal 9497)
   defining Unicode char U+251A (decimal 9498)
   defining Unicode char U+251B (decimal 9499)
   defining Unicode char U+251C (decimal 9500)
   defining Unicode char U+251D (decimal 9501)
   defining Unicode char U+251E (decimal 9502)
   defining Unicode char U+251F (decimal 9503)
   defining Unicode char U+2520 (decimal 9504)
   defining Unicode char U+2521 (decimal 9505)
   defining Unicode char U+2522 (decimal 9506)
   defining Unicode char U+2523 (decimal 9507)
   defining Unicode char U+2524 (decimal 9508)
   defining Unicode char U+252C (decimal 9516)
   defining Unicode char U+252D (decimal 9517)
   defining Unicode char U+252E (decimal 9518)
   defining Unicode char U+252F (decimal 9519)
   defining Unicode char U+2530 (decimal 9520)
   defining Unicode char U+2531 (decimal 9521)
   defining Unicode char U+2532 (decimal 9522)
   defining Unicode char U+2533 (decimal 9523)
   defining Unicode char U+2534 (decimal 9524)
   defining Unicode char U+2535 (decimal 9525)
   defining Unicode char U+2536 (decimal 9526)
   defining Unicode char U+2537 (decimal 9527)
   defining Unicode char U+2538 (decimal 9528)
   defining Unicode char U+2539 (decimal 9529)
   defining Unicode char U+253A (decimal 9530)
   defining Unicode char U+253B (decimal 9531)
   defining Unicode char U+253C (decimal 9532)
   defining Unicode char U+253D (decimal 9533)
   defining Unicode char U+253E (decimal 9534)
   defining Unicode char U+253F (decimal 9535)
   defining Unicode char U+2540 (decimal 9536)
   defining Unicode char U+2541 (decimal 9537)
   defining Unicode char U+2542 (decimal 9538)
   defining Unicode char U+2543 (decimal 9539)
   defining Unicode char U+2544 (decimal 9540)
   defining Unicode char U+2545 (decimal 9541)
   defining Unicode char U+2546 (decimal 9542)
   defining Unicode char U+2547 (decimal 9543)
   defining Unicode char U+2548 (decimal 9544)
   defining Unicode char U+2549 (decimal 9545)
   defining Unicode char U+254A (decimal 9546)
   defining Unicode char U+254B (decimal 9547)
   defining Unicode char U+2550 (decimal 9552)
   defining Unicode char U+2551 (decimal 9553)
   defining Unicode char U+2552 (decimal 9554)
   defining Unicode char U+2553 (decimal 9555)
   defining Unicode char U+2554 (decimal 9556)
   defining Unicode char U+2555 (decimal 9557)
   defining Unicode char U+2556 (decimal 9558)
   defining Unicode char U+2557 (decimal 9559)
   defining Unicode char U+2558 (decimal 9560)
   defining Unicode char U+2559 (decimal 9561)
   defining Unicode char U+255A (decimal 9562)
   defining Unicode char U+255B (decimal 9563)
   defining Unicode char U+255C (decimal 9564)
   defining Unicode char U+255D (decimal 9565)
   defining Unicode char U+255E (decimal 9566)
   defining Unicode char U+255F (decimal 9567)
   defining Unicode char U+2560 (decimal 9568)
   defining Unicode char U+2561 (decimal 9569)
   defining Unicode char U+2562 (decimal 9570)
   defining Unicode char U+2563 (decimal 9571)
   defining Unicode char U+2564 (decimal 9572)
   defining Unicode char U+2565 (decimal 9573)
   defining Unicode char U+2566 (decimal 9574)
   defining Unicode char U+2567 (decimal 9575)
   defining Unicode char U+2568 (decimal 9576)
   defining Unicode char U+2569 (decimal 9577)
   defining Unicode char U+256A (decimal 9578)
   defining Unicode char U+256B (decimal 9579)
   defining Unicode char U+256C (decimal 9580)
   defining Unicode char U+2574 (decimal 9588)
   defining Unicode char U+2575 (decimal 9589)
   defining Unicode char U+2576 (decimal 9590)
   defining Unicode char U+2577 (decimal 9591)
   defining Unicode char U+2578 (decimal 9592)
   defining Unicode char U+2579 (decimal 9593)
   defining Unicode char U+257A (decimal 9594)
   defining Unicode char U+257B (decimal 9595)
   defining Unicode char U+257C (decimal 9596)
   defining Unicode char U+257D (decimal 9597)
   defining Unicode char U+257E (decimal 9598)
   defining Unicode char U+257F (decimal 9599)
   defining Unicode char U+2580 (decimal 9600)
   defining Unicode char U+2581 (decimal 9601)
   defining Unicode char U+2582 (decimal 9602)
   defining Unicode char U+2583 (decimal 9603)
   defining Unicode char U+2584 (decimal 9604)
   defining Unicode char U+2585 (decimal 9605)
   defining Unicode char U+2586 (decimal 9606)
   defining Unicode char U+2587 (decimal 9607)
   defining Unicode char U+2588 (decimal 9608)
   defining Unicode char U+2589 (decimal 9609)
   defining Unicode char U+258A (decimal 9610)
   defining Unicode char U+258B (decimal 9611)
   defining Unicode char U+258C (decimal 9612)
   defining Unicode char U+258D (decimal 9613)
   defining Unicode char U+258E (decimal 9614)
   defining Unicode char U+258F (decimal 9615)
   defining Unicode char U+2590 (decimal 9616)
   defining Unicode char U+2591 (decimal 9617)
   defining Unicode char U+2592 (decimal 9618)
   defining Unicode char U+2593 (decimal 9619)
   defining Unicode char U+2594 (decimal 9620)
   defining Unicode char U+2595 (decimal 9621)
   defining Unicode char U+2596 (decimal 9622)
   defining Unicode char U+2597 (decimal 9623)
   defining Unicode char U+2598 (decimal 9624)
   defining Unicode char U+2599 (decimal 9625)
   defining Unicode char U+259A (decimal 9626)
   defining Unicode char U+259B (decimal 9627)
   defining Unicode char U+259C (decimal 9628)
   defining Unicode char U+259D (decimal 9629)
   defining Unicode char U+259E (decimal 9630)
   defining Unicode char U+259F (decimal 9631)
)
\pmbd@W=\dimen288
\pmbd@H=\dimen289
\pmbd@L=\dimen290
\pmbd@Thin=\dimen291
\pmbd@Thick=\dimen292
\pmbd@Sep=\dimen293
)
(/usr/share/texlive/texmf-dist/tex/latex/base/fontenc.sty
Package: fontenc 2020/02/11 v2.0o Standard LaTeX package
)
(/usr/share/texlive/texmf-dist/tex/latex/relsize/relsize.sty
Package: relsize 2013/03/29 ver 4.1
)
\bfem=\skip66
\xmrgn=\skip67
LaTeX Font Info:    Trying to load font information for T1+pcr on input line 50
5.

(/usr/share/texlive/texmf-dist/tex/latex/psnfss/t1pcr.fd
File: t1pcr.fd 2001/06/04 font definitions for T1/pcr.
)
\MDo@unit=\dimen294
\jlinlem=\skip68
)
(/usr/share/texlive/texmf-dist/tex/latex/beamer/beamerthemeCopenhagen.sty
(/usr/share/texlive/texmf-dist/tex/latex/beamer/beamerouterthemesplit.sty)
(/usr/share/texlive/texmf-dist/tex/latex/beamer/beamerinnerthemerounded.sty)
(/usr/share/texlive/texmf-dist/tex/latex/beamer/beamercolorthemewhale.sty)
(/usr/share/texlive/texmf-dist/tex/latex/beamer/beamercolorthemeorchid.sty))
(/usr/share/texlive/texmf-dist/tex/latex/beamer/beamercolorthemebeaver.sty)
(/usr/share/texlive/texmf-dist/tex/latex/base/inputenc.sty
Package: inputenc 2018/08/11 v1.3c Input encoding file
\inpenc@prehook=\toks46
\inpenc@posthook=\toks47
)
(/usr/share/texlive/texmf-dist/tex/generic/babel/babel.sty
Package: babel 2020/02/14 3.40 The Babel package

(/usr/share/texlive/texmf-dist/tex/generic/babel/switch.def
File: switch.def 2020/02/14 3.40 Babel switching mechanism
)
(/usr/share/texlive/texmf-dist/tex/generic/babel-spanish/spanish.ldf
Language: spanish.ldf 2016/03/03 v5.0p Spanish support from the babel system

(/usr/share/texlive/texmf-dist/tex/generic/babel/babel.def
File: babel.def 2020/02/14 3.40 Babel common definitions
\babel@savecnt=\count334
\U@D=\dimen295

(/usr/share/texlive/texmf-dist/tex/generic/babel/txtbabel.def)
\bbl@readstream=\read5
LaTeX Info: Redefining \textlatin on input line 2319.
\bbl@dirlevel=\count335
)
\es@quottoks=\toks48
\es@quotdepth=\count336
Package babel Info: Making " an active character on input line 561.
Package babel Info: Making . an active character on input line 662.
Package babel Info: Making < an active character on input line 707.
Package babel Info: Making > an active character on input line 707.
))
(/usr/share/texlive/texmf-dist/tex/latex/csquotes/csquotes.sty
Package: csquotes 2019-12-06 v5.2j context-sensitive quotations (JAW)
\csq@reset=\count337
\csq@gtype=\count338
\csq@glevel=\count339
\csq@qlevel=\count340
\csq@maxlvl=\count341
\csq@tshold=\count342
\csq@ltx@everypar=\toks49

(/usr/share/texlive/texmf-dist/tex/latex/csquotes/csquotes.def
File: csquotes.def 2019-12-06 v5.2j csquotes generic definitions (JAW)
)
Package csquotes Info: Trying to load configuration file 'csquotes.cfg'...
Package csquotes Info: ... configuration file loaded successfully.

(/usr/share/texlive/texmf-dist/tex/latex/csquotes/csquotes.cfg
File: csquotes.cfg 
))
(/usr/share/texlive/texmf-dist/tex/latex/wrapfig/wrapfig.sty
\wrapoverhang=\dimen296
\WF@size=\dimen297
\c@WF@wrappedlines=\count343
\WF@box=\box87
\WF@everypar=\toks50
Package: wrapfig 2003/01/31  v 3.6
)
(/usr/share/texlive/texmf-dist/tex/latex/pgf/frontendlayer/tikz.sty
(/usr/share/texlive/texmf-dist/tex/latex/pgf/utilities/pgffor.sty
(/usr/share/texlive/texmf-dist/tex/latex/pgf/utilities/pgfkeys.sty
(/usr/share/texlive/texmf-dist/tex/generic/pgf/utilities/pgfkeys.code.tex))
(/usr/share/texlive/texmf-dist/tex/latex/pgf/math/pgfmath.sty
(/usr/share/texlive/texmf-dist/tex/generic/pgf/math/pgfmath.code.tex))
(/usr/share/texlive/texmf-dist/tex/generic/pgf/utilities/pgffor.code.tex
Package: pgffor 2020/01/08 v3.1.5b (3.1.5b)

(/usr/share/texlive/texmf-dist/tex/generic/pgf/math/pgfmath.code.tex)
\pgffor@iter=\dimen298
\pgffor@skip=\dimen299
\pgffor@stack=\toks51
\pgffor@toks=\toks52
))
(/usr/share/texlive/texmf-dist/tex/generic/pgf/frontendlayer/tikz/tikz.code.tex
Package: tikz 2020/01/08 v3.1.5b (3.1.5b)

(/usr/share/texlive/texmf-dist/tex/generic/pgf/libraries/pgflibraryplothandlers
.code.tex
File: pgflibraryplothandlers.code.tex 2020/01/08 v3.1.5b (3.1.5b)
\pgf@plot@mark@count=\count344
\pgfplotmarksize=\dimen300
)
\tikz@lastx=\dimen301
\tikz@lasty=\dimen302
\tikz@lastxsaved=\dimen303
\tikz@lastysaved=\dimen304
\tikz@lastmovetox=\dimen305
\tikz@lastmovetoy=\dimen306
\tikzleveldistance=\dimen307
\tikzsiblingdistance=\dimen308
\tikz@figbox=\box88
\tikz@figbox@bg=\box89
\tikz@tempbox=\box90
\tikz@tempbox@bg=\box91
\tikztreelevel=\count345
\tikznumberofchildren=\count346
\tikznumberofcurrentchild=\count347
\tikz@fig@count=\count348

(/usr/share/texlive/texmf-dist/tex/generic/pgf/modules/pgfmodulematrix.code.tex
File: pgfmodulematrix.code.tex 2020/01/08 v3.1.5b (3.1.5b)
\pgfmatrixcurrentrow=\count349
\pgfmatrixcurrentcolumn=\count350
\pgf@matrix@numberofcolumns=\count351
)
\tikz@expandcount=\count352

(/usr/share/texlive/texmf-dist/tex/generic/pgf/frontendlayer/tikz/libraries/tik
zlibrarytopaths.code.tex
File: tikzlibrarytopaths.code.tex 2020/01/08 v3.1.5b (3.1.5b)
)))
(/usr/share/texlive/texmf-dist/tex/generic/pgf/frontendlayer/tikz/libraries/tik
zlibrarypositioning.code.tex
File: tikzlibrarypositioning.code.tex 2020/01/08 v3.1.5b (3.1.5b)
)
(/usr/share/texlive/texmf-dist/tex/latex/multirow/multirow.sty
Package: multirow 2019/05/31 v2.5 Span multiple rows of a table
\multirow@colwidth=\skip69
\multirow@cntb=\count353
\multirow@dima=\skip70
\bigstrutjot=\dimen309
)
Package hyperref Info: Option `colorlinks' set `true' on input line 123.
\c@teorema=\count354
\c@definicion=\count355


Package amsthm Warning: Unknown theoremstyle `propiedades' on input line 129.

\c@propiedades=\count356
Package csquotes Info: Checking for multilingual support...
Package csquotes Info: ... found 'babel' package.
Package csquotes Info: Adjusting default style.
Package csquotes Info: Redefining alias 'default' -> 'spanish'.
(/usr/share/texlive/texmf-dist/tex/latex/l3backend/l3backend-pdfmode.def
File: l3backend-pdfmode.def 2020-02-03 L3 backend support: PDF mode
\l__kernel_color_stack_int=\count357
\l__pdf_internal_box=\box92
)
(./AtxikiPlaza2023.aux
LaTeX Info: Redefining \. on input line 24.
LaTeX Info: Redefining \% on input line 24.
)
\openout1 = `AtxikiPlaza2023.aux'.

LaTeX Font Info:    Checking defaults for OML/cmm/m/it on input line 197.
LaTeX Font Info:    ... okay on input line 197.
LaTeX Font Info:    Checking defaults for OMS/cmsy/m/n on input line 197.
LaTeX Font Info:    ... okay on input line 197.
LaTeX Font Info:    Checking defaults for OT1/cmr/m/n on input line 197.
LaTeX Font Info:    ... okay on input line 197.
LaTeX Font Info:    Checking defaults for T1/cmr/m/n on input line 197.
LaTeX Font Info:    ... okay on input line 197.
LaTeX Font Info:    Checking defaults for TS1/cmr/m/n on input line 197.
LaTeX Font Info:    ... okay on input line 197.
LaTeX Font Info:    Checking defaults for OMX/cmex/m/n on input line 197.
LaTeX Font Info:    ... okay on input line 197.
LaTeX Font Info:    Checking defaults for U/cmr/m/n on input line 197.
LaTeX Font Info:    ... okay on input line 197.
LaTeX Font Info:    Checking defaults for PD1/pdf/m/n on input line 197.
LaTeX Font Info:    ... okay on input line 197.
LaTeX Font Info:    Checking defaults for pmboxdraw/pmboxdraw/m/n on input line
 197.
LaTeX Font Info:    ... okay on input line 197.

*geometry* driver: auto-detecting
*geometry* detected driver: pdftex
*geometry* verbose mode - [ preamble ] result:
* driver: pdftex
* paper: custom
* layout: <same size as paper>
* layoutoffset:(h,v)=(0.0pt,0.0pt)
* modes: includehead includefoot 
* h-part:(L,W,R)=(28.45274pt, 307.28987pt, 28.45274pt)
* v-part:(T,H,B)=(0.0pt, 273.14662pt, 0.0pt)
* \paperwidth=364.19536pt
* \paperheight=273.14662pt
* \textwidth=307.28987pt
* \textheight=244.6939pt
* \oddsidemargin=-43.81725pt
* \evensidemargin=-43.81725pt
* \topmargin=-72.26999pt
* \headheight=14.22636pt
* \headsep=0.0pt
* \topskip=10.0pt
* \footskip=14.22636pt
* \marginparwidth=3.0pt
* \marginparsep=11.0pt
* \columnsep=10.0pt
* \skip\footins=9.0pt plus 4.0pt minus 2.0pt
* \hoffset=0.0pt
* \voffset=0.0pt
* \mag=1000
* \@twocolumnfalse
* \@twosidefalse
* \@mparswitchfalse
* \@reversemarginfalse
* (1in=72.27pt=25.4mm, 1cm=28.453pt)

(/usr/share/texlive/texmf-dist/tex/context/base/mkii/supp-pdf.mkii
[Loading MPS to PDF converter (version 2006.09.02).]
\scratchcounter=\count358
\scratchdimen=\dimen310
\scratchbox=\box93
\nofMPsegments=\count359
\nofMParguments=\count360
\everyMPshowfont=\toks53
\MPscratchCnt=\count361
\MPscratchDim=\dimen311
\MPnumerator=\count362
\makeMPintoPDFobject=\count363
\everyMPtoPDFconversion=\toks54
) (/usr/share/texlive/texmf-dist/tex/latex/epstopdf-pkg/epstopdf-base.sty
Package: epstopdf-base 2020-01-24 v2.11 Base part for package epstopdf
Package epstopdf-base Info: Redefining graphics rule for `.eps' on input line 4
85.

(/usr/share/texlive/texmf-dist/tex/latex/latexconfig/epstopdf-sys.cfg
File: epstopdf-sys.cfg 2010/07/13 v1.3 Configuration of (r)epstopdf for TeX Liv
e
))
ABD: EveryShipout initializing macros
\AtBeginShipoutBox=\box94
Package hyperref Info: Link coloring ON on input line 197.

(/usr/share/texlive/texmf-dist/tex/latex/hyperref/nameref.sty
Package: nameref 2019/09/16 v2.46 Cross-referencing by name of section

(/usr/share/texlive/texmf-dist/tex/latex/refcount/refcount.sty
Package: refcount 2019/12/15 v3.6 Data extraction from label references (HO)
)
(/usr/share/texlive/texmf-dist/tex/generic/gettitlestring/gettitlestring.sty
Package: gettitlestring 2019/12/15 v1.6 Cleanup title references (HO)
)
\c@section@level=\count364
)
LaTeX Info: Redefining \ref on input line 197.
LaTeX Info: Redefining \pageref on input line 197.
LaTeX Info: Redefining \nameref on input line 197.

(./AtxikiPlaza2023.out) (./AtxikiPlaza2023.out)
\@outlinefile=\write8
\openout8 = `AtxikiPlaza2023.out'.

LaTeX Font Info:    Overwriting symbol font `operators' in version `normal'
(Font)                  OT1/cmr/m/n --> OT1/cmss/m/n on input line 197.
LaTeX Font Info:    Overwriting symbol font `operators' in version `bold'
(Font)                  OT1/cmr/bx/n --> OT1/cmss/b/n on input line 197.
\symnumbers=\mathgroup6
\sympureletters=\mathgroup7
LaTeX Font Info:    Overwriting math alphabet `\mathrm' in version `normal'
(Font)                  OT1/cmss/m/n --> T1/ptm/m/n on input line 197.
LaTeX Font Info:    Redeclaring math alphabet \mathbf on input line 197.
LaTeX Font Info:    Overwriting math alphabet `\mathbf' in version `normal'
(Font)                  OT1/cmr/bx/n --> T1/phv/b/n on input line 197.
LaTeX Font Info:    Overwriting math alphabet `\mathbf' in version `bold'
(Font)                  OT1/cmr/bx/n --> T1/phv/b/n on input line 197.
LaTeX Font Info:    Redeclaring math alphabet \mathsf on input line 197.
LaTeX Font Info:    Overwriting math alphabet `\mathsf' in version `normal'
(Font)                  OT1/cmss/m/n --> T1/phv/m/n on input line 197.
LaTeX Font Info:    Overwriting math alphabet `\mathsf' in version `bold'
(Font)                  OT1/cmss/bx/n --> T1/phv/m/n on input line 197.
LaTeX Font Info:    Redeclaring math alphabet \mathit on input line 197.
LaTeX Font Info:    Overwriting math alphabet `\mathit' in version `normal'
(Font)                  OT1/cmr/m/it --> T1/phv/m/it on input line 197.
LaTeX Font Info:    Overwriting math alphabet `\mathit' in version `bold'
(Font)                  OT1/cmr/bx/it --> T1/phv/m/it on input line 197.
LaTeX Font Info:    Redeclaring math alphabet \mathtt on input line 197.
LaTeX Font Info:    Overwriting math alphabet `\mathtt' in version `normal'
(Font)                  OT1/cmtt/m/n --> T1/pcr/m/n on input line 197.
LaTeX Font Info:    Overwriting math alphabet `\mathtt' in version `bold'
(Font)                  OT1/cmtt/m/n --> T1/pcr/m/n on input line 197.
LaTeX Font Info:    Overwriting symbol font `numbers' in version `bold'
(Font)                  T1/phv/m/n --> T1/phv/b/n on input line 197.
LaTeX Font Info:    Overwriting symbol font `pureletters' in version `bold'
(Font)                  T1/phv/m/it --> T1/phv/b/it on input line 197.
LaTeX Font Info:    Overwriting math alphabet `\mathrm' in version `bold'
(Font)                  OT1/cmss/b/n --> T1/ptm/b/n on input line 197.
LaTeX Font Info:    Overwriting math alphabet `\mathbf' in version `bold'
(Font)                  T1/phv/b/n --> T1/phv/b/n on input line 197.
LaTeX Font Info:    Overwriting math alphabet `\mathsf' in version `bold'
(Font)                  T1/phv/m/n --> T1/phv/b/n on input line 197.
LaTeX Font Info:    Overwriting math alphabet `\mathit' in version `bold'
(Font)                  T1/phv/m/it --> T1/phv/b/it on input line 197.
LaTeX Font Info:    Overwriting math alphabet `\mathtt' in version `bold'
(Font)                  T1/pcr/m/n --> T1/pcr/b/n on input line 197.

(/usr/share/texlive/texmf-dist/tex/latex/translator/translator-basic-dictionary
-English.dict
Dictionary: translator-basic-dictionary, Language: English 
)
(/usr/share/texlive/texmf-dist/tex/latex/translator/translator-bibliography-dic
tionary-English.dict
Dictionary: translator-bibliography-dictionary, Language: English 
)
(/usr/share/texlive/texmf-dist/tex/latex/translator/translator-environment-dict
ionary-English.dict
Dictionary: translator-environment-dictionary, Language: English 
)
(/usr/share/texlive/texmf-dist/tex/latex/translator/translator-months-dictionar
y-English.dict
Dictionary: translator-months-dictionary, Language: English 
)
(/usr/share/texlive/texmf-dist/tex/latex/translator/translator-numbers-dictiona
ry-English.dict
Dictionary: translator-numbers-dictionary, Language: English 
)
(/usr/share/texlive/texmf-dist/tex/latex/translator/translator-theorem-dictiona
ry-English.dict
Dictionary: translator-theorem-dictionary, Language: English 
)
\c@lstlisting=\count365
LaTeX Info: Redefining \. on input line 197.
LaTeX Info: Redefining \% on input line 197.
 (./AtxikiPlaza2023.nav)
Overfull \hbox (77.39229pt too wide) detected at line 197
  [] [] [] [] [] [] 
 []

<figures/Informatika_logoa.pdf, id=28, 312.9803pt x 128.03835pt>
File: figures/Informatika_logoa.pdf Graphic file (type pdf)
<use figures/Informatika_logoa.pdf>
Package pdftex.def Info: figures/Informatika_logoa.pdf  used on input line 219.

(pdftex.def)             Requested size: 111.28308pt x 45.5244pt.

Overfull \hbox (77.39229pt too wide) has occurred while \output is active
  [] [] [] [] [] [] 
 []

[1{/var/lib/texmf/fonts/map/pdftex/updmap/pdftex.map}

 <./figures/Informatika_logoa.pdf>] (./AtxikiPlaza2023.toc
LaTeX Info: Redefining \. on input line 1.
LaTeX Info: Redefining \% on input line 1.
)
Overfull \hbox (77.39229pt too wide) has occurred while \output is active
  [] [] [] [] [] [] 
 []

[2

]
<./figures/muebles-azcue.pdf, id=68, 800.59097pt x 452.89201pt>
File: ./figures/muebles-azcue.pdf Graphic file (type pdf)
<use ./figures/muebles-azcue.pdf>
Package pdftex.def Info: ./figures/muebles-azcue.pdf  used on input line 376.
(pdftex.def)             Requested size: 98.33162pt x 55.62314pt.
LaTeX Font Info:    External font `cmex7' loaded for size
(Font)              <6> on input line 376.
LaTeX Font Info:    External font `cmex7' loaded for size
(Font)              <5> on input line 376.
LaTeX Font Info:    Trying to load font information for U+msa on input line 376
.
 (/usr/share/texlive/texmf-dist/tex/latex/amsfonts/umsa.fd
File: umsa.fd 2013/01/14 v3.01 AMS symbols A
)
LaTeX Font Info:    Trying to load font information for U+msb on input line 376
.

(/usr/share/texlive/texmf-dist/tex/latex/amsfonts/umsb.fd
File: umsb.fd 2013/01/14 v3.01 AMS symbols B
)
LaTeX Font Info:    Font shape `T1/phv/m/it' in size <9> not available
(Font)              Font shape `T1/phv/m/sl' tried instead on input line 376.
LaTeX Font Info:    Font shape `T1/phv/m/it' in size <6> not available
(Font)              Font shape `T1/phv/m/sl' tried instead on input line 376.
LaTeX Font Info:    Font shape `T1/phv/m/it' in size <5> not available
(Font)              Font shape `T1/phv/m/sl' tried instead on input line 376.
<./figures/Informatika_fakultatea_001.jpg, id=69, 4304.08pt x 3228.06pt>
File: ./figures/Informatika_fakultatea_001.jpg Graphic file (type jpg)
<use ./figures/Informatika_fakultatea_001.jpg>
Package pdftex.def Info: ./figures/Informatika_fakultatea_001.jpg  used on inpu
t line 376.
(pdftex.def)             Requested size: 98.33162pt x 73.73648pt.

Overfull \hbox (77.39229pt too wide) has occurred while \output is active
  [] [] [] [] [] [] 
 []

[3

 <./figures/muebles-azcue.pdf> <./figures/Informatika_fakultatea_001.JPG>]
Overfull \hbox (77.39229pt too wide) has occurred while \output is active
  [] [] [] [] [] [] 
 []

[4

]
LaTeX Font Info:    Font shape `T1/phv/m/it' in size <8> not available
(Font)              Font shape `T1/phv/m/sl' tried instead on input line 564.
<./figures/Flechas.pdf, id=94, 423.181pt x 115.632pt>
File: ./figures/Flechas.pdf Graphic file (type pdf)
<use ./figures/Flechas.pdf>
Package pdftex.def Info: ./figures/Flechas.pdf  used on input line 564.
(pdftex.def)             Requested size: 110.62659pt x 30.22769pt.

Overfull \hbox (77.39229pt too wide) has occurred while \output is active
  [] [] [] [] [] [] 
 []

[5

 <./figures/Flechas.pdf>]
Overfull \hbox (77.39229pt too wide) has occurred while \output is active
  [] [] [] [] [] [] 
 []

[6

]
<./figures/ZientziaAstea2020.png, id=119, 731.73375pt x 362.35374pt>
File: ./figures/ZientziaAstea2020.png Graphic file (type png)
<use ./figures/ZientziaAstea2020.png>
Package pdftex.def Info: ./figures/ZientziaAstea2020.png  used on input line 79
0.
(pdftex.def)             Requested size: 98.33162pt x 48.68895pt.
<./figures/ZientziaAstea2021.png, id=121, 1280.785pt x 594.22pt>
File: ./figures/ZientziaAstea2021.png Graphic file (type png)
<use ./figures/ZientziaAstea2021.png>
Package pdftex.def Info: ./figures/ZientziaAstea2021.png  used on input line 79
0.
(pdftex.def)             Requested size: 98.33162pt x 45.61635pt.

Overfull \hbox (77.39229pt too wide) has occurred while \output is active
  [] [] [] [] [] [] 
 []

[7

 <./figures/ZientziaAstea2020.png> <./figures/ZientziaAstea2021.png>]
Overfull \hbox (77.39229pt too wide) has occurred while \output is active
  [] [] [] [] [] [] 
 []

[8

]
Overfull \hbox (77.39229pt too wide) has occurred while \output is active
  [] [] [] [] [] [] 
 []

[9

]
\openout4 = `AtxikiPlaza2023.vrb'.

 (./AtxikiPlaza2023.vrb
<./figures/SmallGEO_Hispasat_36W-1_pillars.jpg, id=150, 462.528pt x 260.172pt>
File: ./figures/SmallGEO_Hispasat_36W-1_pillars.jpg Graphic file (type jpg)
<use ./figures/SmallGEO_Hispasat_36W-1_pillars.jpg>
Package pdftex.def Info: ./figures/SmallGEO_Hispasat_36W-1_pillars.jpg  used on
 input line 46.
(pdftex.def)             Requested size: 98.33348pt x 55.3126pt.
<./figures/J2 VOP Problem.png, id=151, 656.4525pt x 437.635pt>
File: ./figures/J2 VOP Problem.png Graphic file (type png)
<use ./figures/J2 VOP Problem.png>
Package pdftex.def Info: ./figures/J2 VOP Problem.png  used on input line 83.
(pdftex.def)             Requested size: 78.66559pt x 52.44048pt.
LaTeX Font Info:    Calculating math sizes for size <6.25002> on input line 91.



LaTeX Font Warning: Font shape `OML/cmm/m/it' in size <4.37498> not available
(Font)              size <5> substituted on input line 91.


LaTeX Font Warning: Font shape `OML/cmm/m/it' in size <3.125> not available
(Font)              size <5> substituted on input line 91.


LaTeX Font Warning: Font shape `OMS/cmsy/m/n' in size <4.37498> not available
(Font)              size <5> substituted on input line 91.


LaTeX Font Warning: Font shape `OMS/cmsy/m/n' in size <3.125> not available
(Font)              size <5> substituted on input line 91.

LaTeX Font Info:    External font `cmex7' loaded for size
(Font)              <6.25002> on input line 91.
LaTeX Font Info:    External font `cmex7' loaded for size
(Font)              <4.37498> on input line 91.
LaTeX Font Info:    External font `cmex7' loaded for size
(Font)              <3.125> on input line 91.
LaTeX Font Info:    Font shape `T1/phv/m/it' in size <6.25002> not available
(Font)              Font shape `T1/phv/m/sl' tried instead on input line 91.
LaTeX Font Info:    Font shape `T1/phv/m/it' in size <4.37498> not available
(Font)              Font shape `T1/phv/m/sl' tried instead on input line 91.
LaTeX Font Info:    Font shape `T1/phv/m/it' in size <3.125> not available
(Font)              Font shape `T1/phv/m/sl' tried instead on input line 91.
)
Overfull \vbox (16.00256pt too high) detected at line 1064
 []


Overfull \hbox (77.39229pt too wide) has occurred while \output is active
  [] [] [] [] [] [] 
 []

[10

 <./figures/SmallGEO_Hispasat_36W-1_pillars.jpg> <./figures/J2 VOP Problem.png>
]
Overfull \hbox (77.39229pt too wide) has occurred while \output is active
  [] [] [] [] [] [] 
 []

[11

]
Overfull \hbox (77.39229pt too wide) has occurred while \output is active
  [] [] [] [] [] [] 
 []

[12

]
Overfull \hbox (77.39229pt too wide) has occurred while \output is active
  [] [] [] [] [] [] 
 []

[13

]
LaTeX Font Info:    Font shape `T1/phv/b/it' in size <9> not available
(Font)              Font shape `T1/phv/b/sl' tried instead on input line 1329.

Overfull \hbox (77.39229pt too wide) has occurred while \output is active
  [] [] [] [] [] [] 
 []

[14

]
<./figures/sateliteae076.png, id=202, 602.25pt x 401.5pt>
File: ./figures/sateliteae076.png Graphic file (type png)
<use ./figures/sateliteae076.png>
Package pdftex.def Info: ./figures/sateliteae076.png  used on input line 1391.
(pdftex.def)             Requested size: 172.08221pt x 114.72275pt.

Overfull \vbox (10.32977pt too high) detected at line 1391
 []


Overfull \hbox (77.39229pt too wide) has occurred while \output is active
  [] [] [] [] [] [] 
 []

[15

 <./figures/sateliteae076.png>]
Overfull \hbox (77.39229pt too wide) has occurred while \output is active
  [] [] [] [] [] [] 
 []

[16

]
<./figures/SCIMLIRKGaussLegendre2023.png, id=219, 1290.8225pt x 543.02875pt>
File: ./figures/SCIMLIRKGaussLegendre2023.png Graphic file (type png)
<use ./figures/SCIMLIRKGaussLegendre2023.png>
Package pdftex.def Info: ./figures/SCIMLIRKGaussLegendre2023.png  used on input
 line 1528.
(pdftex.def)             Requested size: 245.83282pt x 103.41682pt.

Overfull \hbox (20.00003pt too wide) in paragraph at lines 1528--1528
 []$ 
 []


Overfull \hbox (77.39229pt too wide) has occurred while \output is active
  [] [] [] [] [] [] 
 []

[17

 <./figures/SCIMLIRKGaussLegendre2023.png>]
Overfull \hbox (77.39229pt too wide) has occurred while \output is active
  [] [] [] [] [] [] 
 []

[18

] (./AtxikiPlaza2023.toc
LaTeX Info: Redefining \. on input line 1.
LaTeX Info: Redefining \% on input line 1.
)
<./figures/Desertua.jpg, id=242, 147.4308pt x 98.2872pt>
File: ./figures/Desertua.jpg Graphic file (type jpg)
<use ./figures/Desertua.jpg>
Package pdftex.def Info: ./figures/Desertua.jpg  used on input line 1666.
(pdftex.def)             Requested size: 196.667pt x 131.11774pt.
LaTeX Font Info:    External font `cmex7' loaded for size
(Font)              <7> on input line 1666.
LaTeX Font Info:    Font shape `T1/phv/m/it' in size <10> not available
(Font)              Font shape `T1/phv/m/sl' tried instead on input line 1666.
LaTeX Font Info:    Font shape `T1/phv/m/it' in size <7> not available
(Font)              Font shape `T1/phv/m/sl' tried instead on input line 1666.

Overfull \hbox (77.39229pt too wide) has occurred while \output is active
  [] [] [] [] [] [] 
 []

[19

 <./figures/Desertua.jpg>]
<./figures/Etorkizunerako_proiektuak.png, id=251, 1094.0875pt x 626.34pt>
File: ./figures/Etorkizunerako_proiektuak.png Graphic file (type png)
<use ./figures/Etorkizunerako_proiektuak.png>
Package pdftex.def Info: ./figures/Etorkizunerako_proiektuak.png  used on input
 line 2073.
(pdftex.def)             Requested size: 307.28987pt x 175.91875pt.

Overfull \hbox (6.0pt too wide) in paragraph at lines 2073--2073
[][][][][][][] 
 []


Overfull \hbox (77.39229pt too wide) has occurred while \output is active
  [] [] [] [] [] [] 
 []

[20

 <./figures/Etorkizunerako_proiektuak.png>]
\openout4 = `AtxikiPlaza2023.vrb'.

 (./AtxikiPlaza2023.vrb
<./figures/SIMD.png, id=261, 776.9025pt x 547.04375pt>
File: ./figures/SIMD.png Graphic file (type png)
<use ./figures/SIMD.png>
Package pdftex.def Info: ./figures/SIMD.png  used on input line 15.
(pdftex.def)             Requested size: 76.82246pt x 54.08987pt.
<./figures/PythagoreanP.png, id=262, 953.5625pt x 250.9375pt>
File: ./figures/PythagoreanP.png Graphic file (type png)
<use ./figures/PythagoreanP.png>
Package pdftex.def Info: ./figures/PythagoreanP.png  used on input line 29.
(pdftex.def)             Requested size: 248.90141pt x 65.49875pt.
)
Overfull \hbox (77.39229pt too wide) has occurred while \output is active
  [] [] [] [] [] [] 
 []

[21

 <./figures/SIMD.png> <./figures/PythagoreanP.png>]
\openout4 = `AtxikiPlaza2023.vrb'.

 (./AtxikiPlaza2023.vrb
File: ./figures/SmallGEO_Hispasat_36W-1_pillars.jpg Graphic file (type jpg)
<use ./figures/SmallGEO_Hispasat_36W-1_pillars.jpg>
Package pdftex.def Info: ./figures/SmallGEO_Hispasat_36W-1_pillars.jpg  used on
 input line 21.
(pdftex.def)             Requested size: 110.62401pt x 62.2242pt.
File: ./figures/J2 VOP Problem.png Graphic file (type png)
<use ./figures/J2 VOP Problem.png>
Package pdftex.def Info: ./figures/J2 VOP Problem.png  used on input line 25.
(pdftex.def)             Requested size: 110.62401pt x 73.74922pt.
<./figures/Ikasketa_Automatiko_Zientifikoa.png, id=272, 627.34375pt x 319.1925p
t>
File: ./figures/Ikasketa_Automatiko_Zientifikoa.png Graphic file (type png)
<use ./figures/Ikasketa_Automatiko_Zientifikoa.png>
Package pdftex.def Info: ./figures/Ikasketa_Automatiko_Zientifikoa.png  used on
 input line 37.
(pdftex.def)             Requested size: 110.62401pt x 56.28325pt.
)
Overfull \hbox (77.39229pt too wide) has occurred while \output is active
  [] [] [] [] [] [] 
 []

[22

 <./figures/Ikasketa_Automatiko_Zientifikoa.png>]
Overfull \hbox (77.39229pt too wide) has occurred while \output is active
  [] [] [] [] [] [] 
 []

[23

]
<./figures/ActiveSatellites.png, id=290, 1656.1875pt x 963.6pt>
File: ./figures/ActiveSatellites.png Graphic file (type png)
<use ./figures/ActiveSatellites.png>
Package pdftex.def Info: ./figures/ActiveSatellites.png  used on input line 249
1.
(pdftex.def)             Requested size: 172.08221pt x 100.11499pt.

Overfull \vbox (12.93253pt too high) detected at line 2491
 []


Overfull \hbox (77.39229pt too wide) has occurred while \output is active
  [] [] [] [] [] [] 
 []

[24

 <./figures/ActiveSatellites.png>]
<./figures/SoftwareLibre.jpg, id=302, 1967.35pt x 1446.40375pt>
File: ./figures/SoftwareLibre.jpg Graphic file (type jpg)
<use ./figures/SoftwareLibre.jpg>
Package pdftex.def Info: ./figures/SoftwareLibre.jpg  used on input line 2631.
(pdftex.def)             Requested size: 98.33162pt x 72.28027pt.
<./figures/julia-logo-color.png, id=303, 321.2pt x 200.75pt>
File: ./figures/julia-logo-color.png Graphic file (type png)
<use ./figures/julia-logo-color.png>
Package pdftex.def Info: ./figures/julia-logo-color.png  used on input line 263
1.
(pdftex.def)             Requested size: 61.45703pt x 38.40938pt.

Overfull \vbox (3.49535pt too high) detected at line 2631
 []


Overfull \hbox (77.39229pt too wide) has occurred while \output is active
  [] [] [] [] [] [] 
 []

[25

 <./figures/SoftwareLibre.jpg> <./figures/julia-logo-color.png>]
LaTeX Font Info:    Font shape `T1/phv/m/it' in size <14.4> not available
(Font)              Font shape `T1/phv/m/sl' tried instead on input line 2720.

Overfull \hbox (77.39229pt too wide) has occurred while \output is active
  [] [] [] [] [] [] 
 []

[26

]
Overfull \hbox (20.11304pt too wide) in paragraph at lines 2827--2827
 [] 
 []


Overfull \hbox (77.39229pt too wide) has occurred while \output is active
  [] [] [] [] [] [] 
 []

[27

] (./AtxikiPlaza2023.toc
LaTeX Info: Redefining \. on input line 1.
LaTeX Info: Redefining \% on input line 1.
)
<./figures/Matrix4Ways.png, id=334, 735.74875pt x 218.8175pt>
File: ./figures/Matrix4Ways.png Graphic file (type png)
<use ./figures/Matrix4Ways.png>
Package pdftex.def Info: ./figures/Matrix4Ways.png  used on input line 2894.
(pdftex.def)             Requested size: 307.28987pt x 91.39186pt.

Overfull \hbox (6.0pt too wide) in paragraph at lines 2894--2894
 [][][][][][][] 
 []


Overfull \hbox (77.39229pt too wide) has occurred while \output is active
  [] [] [] [] [] [] 
 []

[28

 <./figures/Matrix4Ways.png>]

LaTeX Font Warning: Font shape `OT1/cmss/b/n' undefined
(Font)              using `OT1/cmss/m/n' instead on input line 3029.

LaTeX Font Info:    Font shape `T1/phv/b/it' in size <10> not available
(Font)              Font shape `T1/phv/b/sl' tried instead on input line 3029.
LaTeX Font Info:    Font shape `T1/phv/b/it' in size <7> not available
(Font)              Font shape `T1/phv/b/sl' tried instead on input line 3029.
LaTeX Font Info:    Font shape `T1/phv/b/it' in size <5> not available
(Font)              Font shape `T1/phv/b/sl' tried instead on input line 3029.
<./figures/Definizio bisualak3.png, id=343, 900.36375pt x 182.6825pt>
File: ./figures/Definizio bisualak3.png Graphic file (type png)
<use ./figures/Definizio bisualak3.png>
Package pdftex.def Info: ./figures/Definizio bisualak3.png  used on input line 
3029.
(pdftex.def)             Requested size: 248.90141pt x 50.50125pt.
<./figures/PageRanks-Example-svg.png, id=344, 496.85625pt x 400.49625pt>
File: ./figures/PageRanks-Example-svg.png Graphic file (type png)
<use ./figures/PageRanks-Example-svg.png>
Package pdftex.def Info: ./figures/PageRanks-Example-svg.png  used on input lin
e 3029.
(pdftex.def)             Requested size: 55.3133pt x 44.58026pt.
<./figures/Transformazio_linealak.png, id=345, 463.7325pt x 327.2225pt>
File: ./figures/Transformazio_linealak.png Graphic file (type png)
<use ./figures/Transformazio_linealak.png>
Package pdftex.def Info: ./figures/Transformazio_linealak.png  used on input li
ne 3029.
(pdftex.def)             Requested size: 73.7506pt x 52.03711pt.
<./figures/IrudiKonprimitzea.png, id=346, 759.83875pt x 327.2225pt>
File: ./figures/IrudiKonprimitzea.png Graphic file (type png)
<use ./figures/IrudiKonprimitzea.png>
Package pdftex.def Info: ./figures/IrudiKonprimitzea.png  used on input line 30
29.
(pdftex.def)             Requested size: 73.7506pt x 31.76051pt.

Overfull \vbox (0.87976pt too high) detected at line 3029
 []


Overfull \hbox (77.39229pt too wide) has occurred while \output is active
  [] [] [] [] [] [] 
 []

[29

 <./figures/Definizio bisualak3.png> <./figures/PageRanks-Example-svg.png> <./f
igures/Transformazio_linealak.png> <./figures/IrudiKonprimitzea.png>]
<./figures/IKDi3.jpeg, id=360, 241.90375pt x 60.225pt>
File: ./figures/IKDi3.jpeg Graphic file (type jpg)
<use ./figures/IKDi3.jpeg>
Package pdftex.def Info: ./figures/IKDi3.jpeg  used on input line 3108.
(pdftex.def)             Requested size: 73.7506pt x 18.36078pt.
<./figures/Adimen Artifiziala.jpeg, id=361, 277.035pt x 183.68625pt>
File: ./figures/Adimen Artifiziala.jpeg Graphic file (type jpg)
<use ./figures/Adimen Artifiziala.jpeg>
Package pdftex.def Info: ./figures/Adimen Artifiziala.jpeg  used on input line 
3108.
(pdftex.def)             Requested size: 73.7506pt x 48.89804pt.
<./figures/ProgAlgebra.pdf, id=362, 813.43903pt x 281.85298pt>
File: ./figures/ProgAlgebra.pdf Graphic file (type pdf)
<use ./figures/ProgAlgebra.pdf>
Package pdftex.def Info: ./figures/ProgAlgebra.pdf  used on input line 3108.
(pdftex.def)             Requested size: 73.7506pt x 25.5506pt.

Overfull \hbox (77.39229pt too wide) has occurred while \output is active
  [] [] [] [] [] [] 
 []

[30

 <./figures/IKDi3.jpeg> <./figures/Adimen Artifiziala.jpeg> <./figures/ProgAlge
bra.pdf>]
<./figures/EHU_Datuetan.png, id=376, 1389.19pt x 592.2125pt>
File: ./figures/EHU_Datuetan.png Graphic file (type png)
<use ./figures/EHU_Datuetan.png>
Package pdftex.def Info: ./figures/EHU_Datuetan.png  used on input line 3223.
(pdftex.def)             Requested size: 196.667pt x 83.83994pt.

Overfull \hbox (77.39229pt too wide) has occurred while \output is active
  [] [] [] [] [] [] 
 []

[31

 <./figures/EHU_Datuetan.png>]
Overfull \hbox (77.39229pt too wide) has occurred while \output is active
  [] [] [] [] [] [] 
 []

[32

]
<./figures/KZAA_Irakasgaiak.png, id=395, 604.2575pt x 531.9875pt>
File: ./figures/KZAA_Irakasgaiak.png Graphic file (type png)
<use ./figures/KZAA_Irakasgaiak.png>
Package pdftex.def Info: ./figures/KZAA_Irakasgaiak.png  used on input line 338
4.
(pdftex.def)             Requested size: 196.667pt x 173.14552pt.

Overfull \vbox (4.8606pt too high) detected at line 3384
 []


Overfull \hbox (77.39229pt too wide) has occurred while \output is active
  [] [] [] [] [] [] 
 []

[33

 <./figures/KZAA_Irakasgaiak.png>]
<./figures/linearalgebra5.png, id=405, 36.135pt x 47.2164pt>
File: ./figures/linearalgebra5.png Graphic file (type png)
<use ./figures/linearalgebra5.png>
Package pdftex.def Info: ./figures/linearalgebra5.png  used on input line 3468.

(pdftex.def)             Requested size: 73.7506pt x 96.37273pt.
<./figures/Intro_To_LA.jpg, id=406, 1137.24875pt x 1493.58pt>
File: ./figures/Intro_To_LA.jpg Graphic file (type jpg)
<use ./figures/Intro_To_LA.jpg>
Package pdftex.def Info: ./figures/Intro_To_LA.jpg  used on input line 3468.
(pdftex.def)             Requested size: 73.7506pt x 96.8582pt.
<./figures/Numerical_LA.jpg, id=407, 86.724pt x 125.268pt>
File: ./figures/Numerical_LA.jpg Graphic file (type jpg)
<use ./figures/Numerical_LA.jpg>
Package pdftex.def Info: ./figures/Numerical_LA.jpg  used on input line 3468.
(pdftex.def)             Requested size: 73.7506pt x 106.53372pt.

Overfull \hbox (77.39229pt too wide) has occurred while \output is active
  [] [] [] [] [] [] 
 []

[34

 <./figures/linearalgebra5.png> <./figures/Intro_To_LA.jpg> <./figures/Numerica
l_LA.jpg>]
<./figures/Matrize_Deskonposaketa.png, id=418, 409.53pt x 360.34625pt>
File: ./figures/Matrize_Deskonposaketa.png Graphic file (type png)
<use ./figures/Matrize_Deskonposaketa.png>
Package pdftex.def Info: ./figures/Matrize_Deskonposaketa.png  used on input li
ne 3758.
(pdftex.def)             Requested size: 99.55904pt x 87.60104pt.

Overfull \vbox (11.74995pt too high) detected at line 3758
 []


Overfull \hbox (77.39229pt too wide) has occurred while \output is active
  [] [] [] [] [] [] 
 []

[35

 <./figures/Matrize_Deskonposaketa.png>]
<./figures/Face_Recognition.png, id=428, 951.555pt x 435.6275pt>
File: ./figures/Face_Recognition.png Graphic file (type png)
<use ./figures/Face_Recognition.png>
Package pdftex.def Info: ./figures/Face_Recognition.png  used on input line 388
6.
(pdftex.def)             Requested size: 196.667pt x 90.0354pt.

Overfull \hbox (77.39229pt too wide) has occurred while \output is active
  [] [] [] [] [] [] 
 []

[36

 <./figures/Face_Recognition.png>]
<./figures/IncidentMatrix.png, id=440, 272.01625pt x 186.6975pt>
File: ./figures/IncidentMatrix.png Graphic file (type png)
<use ./figures/IncidentMatrix.png>
Package pdftex.def Info: ./figures/IncidentMatrix.png  used on input line 4025.

(pdftex.def)             Requested size: 49.1658pt x 33.74368pt.
<./figures/ZientziAstea2.pdf, id=441, 827.09pt x 173.448pt>
File: ./figures/ZientziAstea2.pdf Graphic file (type pdf)
<use ./figures/ZientziAstea2.pdf>
Package pdftex.def Info: ./figures/ZientziAstea2.pdf  used on input line 4025.
(pdftex.def)             Requested size: 150.57071pt x 31.57393pt.

Overfull \hbox (77.39229pt too wide) has occurred while \output is active
  [] [] [] [] [] [] 
 []

[37

 <./figures/IncidentMatrix.png> <./figures/ZientziAstea2.pdf>]
<./figures/Dedikazioa1.png, id=459, 1023.825pt x 315.1775pt>
File: ./figures/Dedikazioa1.png Graphic file (type png)
<use ./figures/Dedikazioa1.png>
Package pdftex.def Info: ./figures/Dedikazioa1.png  used on input line 4197.
(pdftex.def)             Requested size: 248.90141pt x 76.6204pt.
<./figures/Dedikazioa2.png, id=460, 544.0325pt x 311.1625pt>
File: ./figures/Dedikazioa2.png Graphic file (type png)
<use ./figures/Dedikazioa2.png>
Package pdftex.def Info: ./figures/Dedikazioa2.png  used on input line 4197.
(pdftex.def)             Requested size: 150.57071pt x 86.11833pt.

Overfull \hbox (77.39229pt too wide) has occurred while \output is active
  [] [] [] [] [] [] 
 []

[38

 <./figures/Dedikazioa1.png> <./figures/Dedikazioa2.png>]
<./figures/Kalifikazio_portzentaia.png, id=471, 752.8125pt x 293.095pt>
File: ./figures/Kalifikazio_portzentaia.png Graphic file (type png)
<use ./figures/Kalifikazio_portzentaia.png>
Package pdftex.def Info: ./figures/Kalifikazio_portzentaia.png  used on input l
ine 4347.
(pdftex.def)             Requested size: 196.667pt x 76.56961pt.

Overfull \hbox (77.39229pt too wide) has occurred while \output is active
  [] [] [] [] [] [] 
 []

[39

 <./figures/Kalifikazio_portzentaia.png>]
<./figures/blacboards2.png, id=481, 2007.5pt x 1055.945pt>
File: ./figures/blacboards2.png Graphic file (type png)
<use ./figures/blacboards2.png>
Package pdftex.def Info: ./figures/blacboards2.png  used on input line 4415.
(pdftex.def)             Requested size: 99.3591pt x 52.25252pt.

Overfull \hbox (77.39229pt too wide) has occurred while \output is active
  [] [] [] [] [] [] 
 []

[40

 <./figures/blacboards2.png (PNG copy)>]
<./figures/11-Semi-Axis-Earth.png, id=490, 595.22375pt x 417.56pt>
File: ./figures/11-Semi-Axis-Earth.png Graphic file (type png)
<use ./figures/11-Semi-Axis-Earth.png>
Package pdftex.def Info: ./figures/11-Semi-Axis-Earth.png  used on input line 4
624.
(pdftex.def)             Requested size: 122.91406pt x 86.22475pt.

Overfull \hbox (77.39229pt too wide) has occurred while \output is active
  [] [] [] [] [] [] 
 []

[41

 <./figures/11-Semi-Axis-Earth.png>] (./AtxikiPlaza2023.bbl)
\tf@nav=\write9
\openout9 = `AtxikiPlaza2023.nav'.

\tf@toc=\write10
\openout10 = `AtxikiPlaza2023.toc'.

\tf@snm=\write11
\openout11 = `AtxikiPlaza2023.snm'.

Package atveryend Info: Empty hook `BeforeClearDocument' on input line 4634.
Package atveryend Info: Empty hook `AfterLastShipout' on input line 4634.

(./AtxikiPlaza2023.aux
LaTeX Info: Redefining \. on input line 24.
LaTeX Info: Redefining \% on input line 24.
)
Package atveryend Info: Executing hook `AtVeryEndDocument' on input line 4634.
Package atveryend Info: Executing hook `AtEndAfterFileList' on input line 4634.

Package rerunfilecheck Info: File `AtxikiPlaza2023.out' has not changed.
(rerunfilecheck)             Checksum: F2D3965C0EF921800B8C0E5B36A52C89;208.


LaTeX Font Warning: Size substitutions with differences
(Font)              up to 1.875pt have occurred.


LaTeX Font Warning: Some font shapes were not available, defaults substituted.

 ) 
Here is how much of TeX's memory you used:
 31173 strings out of 481239
 577061 string characters out of 5920378
 1010689 words of memory out of 5000000
 45678 multiletter control sequences out of 15000+600000
 616775 words of font info for 122 fonts, out of 8000000 for 9000
 1141 hyphenation exceptions out of 8191
 58i,19n,80p,782b,4377s stack positions out of 5000i,500n,10000p,200000b,80000s
{/usr/share/texlive/texmf-dist/fonts/enc/dvips/base/8r.enc}</usr/share/texliv
e/texmf-dist/fonts/type1/public/amsfonts/cm/cmbsy10.pfb></usr/share/texlive/tex
mf-dist/fonts/type1/public/amsfonts/cm/cmex10.pfb></usr/share/texlive/texmf-dis
t/fonts/type1/public/amsfonts/cmextra/cmex7.pfb></usr/share/texlive/texmf-dist/
fonts/type1/public/amsfonts/cmextra/cmex9.pfb></usr/share/texlive/texmf-dist/fo
nts/type1/public/amsfonts/cm/cmmi10.pfb></usr/share/texlive/texmf-dist/fonts/ty
pe1/public/amsfonts/cm/cmmi5.pfb></usr/share/texlive/texmf-dist/fonts/type1/pub
lic/amsfonts/cm/cmmi6.pfb></usr/share/texlive/texmf-dist/fonts/type1/public/ams
fonts/cm/cmmi8.pfb></usr/share/texlive/texmf-dist/fonts/type1/public/amsfonts/c
m/cmmi9.pfb></usr/share/texlive/texmf-dist/fonts/type1/public/amsfonts/cm/cmss1
0.pfb></usr/share/texlive/texmf-dist/fonts/type1/public/amsfonts/cm/cmss8.pfb><
/usr/share/texlive/texmf-dist/fonts/type1/public/amsfonts/cm/cmss9.pfb></usr/sh
are/texlive/texmf-dist/fonts/type1/public/amsfonts/cm/cmsy10.pfb></usr/share/te
xlive/texmf-dist/fonts/type1/public/amsfonts/cm/cmsy5.pfb></usr/share/texlive/t
exmf-dist/fonts/type1/public/amsfonts/cm/cmsy6.pfb></usr/share/texlive/texmf-di
st/fonts/type1/public/amsfonts/cm/cmsy9.pfb></usr/share/texlive/texmf-dist/font
s/type1/public/amsfonts/latxfont/lcircle1.pfb></usr/share/texlive/texmf-dist/fo
nts/type1/public/amsfonts/symbols/msbm10.pfb></usr/share/texlive/texmf-dist/fon
ts/type1/urw/courier/ucrr8a.pfb></usr/share/texlive/texmf-dist/fonts/type1/urw/
helvetic/uhvb8a.pfb></usr/share/texlive/texmf-dist/fonts/type1/urw/helvetic/uhv
bo8a.pfb></usr/share/texlive/texmf-dist/fonts/type1/urw/helvetic/uhvr8a.pfb></u
sr/share/texlive/texmf-dist/fonts/type1/urw/helvetic/uhvro8a.pfb>
Output written on AtxikiPlaza2023.pdf (41 pages, 10737377 bytes).
PDF statistics:
 597 PDF objects out of 1000 (max. 8388607)
 440 compressed objects within 5 object streams
 86 named destinations out of 1000 (max. 500000)
 291 words of extra memory for PDF output out of 10000 (max. 10000000)

